<?xml version="1.0" encoding="utf-8" standalone="no"?>
<!--This file represents the results of running a test suite-->
<test-results name="E:\Materi Kuliah Semester 3\Pemrograman Lanjut\P5 - Modul Praktikum\02 tugas\TugasLibraryUnitTest\bin\Debug\TugasLibraryUnitTest.dll" total="2" errors="0" failures="0" not-run="0" inconclusive="0" ignored="0" skipped="0" invalid="0" date="2021-10-27" time="15:29:08">
  <environment nunit-version="2.6.4.14350" clr-version="2.0.50727.9151" os-version="Microsoft Windows NT 6.2.9200.0" platform="Win32NT" cwd="C:\tools-testing" machine-name="HELLO" user="ASUS" user-domain="HELLO" />
  <culture-info current-culture="en-US" current-uiculture="en-US" />
  <test-suite type="Assembly" name="E:\Materi Kuliah Semester 3\Pemrograman Lanjut\P5 - Modul Praktikum\02 tugas\TugasLibraryUnitTest\bin\Debug\TugasLibraryUnitTest.dll" executed="True" result="Success" success="True" time="0.208" asserts="0">
    <results>
      <test-suite type="Namespace" name="TugasLibraryUnitTest" executed="True" result="Success" success="True" time="0.190" asserts="0">
        <results>
          <test-suite type="TestFixture" name="TugasLibraryTest" executed="True" result="Success" success="True" time="0.158" asserts="0">
            <results>
              <test-case name="TugasLibraryUnitTest.TugasLibraryTest.DayTest" executed="True" result="Success" success="True" time="0.077" asserts="1" />
              <test-case name="TugasLibraryUnitTest.TugasLibraryTest.UserTest" executed="True" result="Success" success="True" time="0.002" asserts="1" />
            </results>
          </test-suite>
        </results>
      </test-suite>
    </results>
  </test-suite>
</test-results>